"../../../../Users/facg_/Documents/Unreal Projects/CreateCharacter/Content/PolygonCity/Materials/Mat_Overview_Ground.uasset" 0
"../../../../Users/facg_/Documents/Unreal Projects/CreateCharacter/Content/PolygonCity/Textures/T_PolygonCity_BillboardAds.uasset" 1
"../../../../Users/facg_/Documents/Unreal Projects/CreateCharacter/Content/PolygonCity/Materials/Mat_PolygonCity_Billboard.uasset" 2
"../../../../Users/facg_/Documents/Unreal Projects/CreateCharacter/Content/PolygonCity/Materials/Mat_PolygonCity_FX_Rain.uasset" 3
"../../../../Users/facg_/Documents/Unreal Projects/CreateCharacter/Content/PolygonCity/Materials/Mat_PolygonCity_FX_Steam.uasset" 4
"../../../../Users/facg_/Documents/Unreal Projects/CreateCharacter/Content/PolygonCity/Materials/Mat_PolygonCity_Glass_Car_Windows.uasset" 5
"../../../../Users/facg_/Documents/Unreal Projects/CreateCharacter/Content/PolygonCity/Textures/T_PolygonCity_Texture_Normal_01.uasset" 6
"../../../../Users/facg_/Documents/Unreal Projects/CreateCharacter/Content/PolygonCity/Materials/Mat_PolygonCity_Glass_Windows.uasset" 7
"../../../../Users/facg_/Documents/Unreal Projects/CreateCharacter/Content/PolygonCity/Textures/T_PolygonCity_Texture_Skyline.uasset" 8
"../../../../Users/facg_/Documents/Unreal Projects/CreateCharacter/Content/PolygonCity/Materials/Mat_PolygonCity_Skyline.uasset" 9
"../../../../Users/facg_/Documents/Unreal Projects/CreateCharacter/Content/PolygonCity/Textures/T_PolygonCity_Emissive_01.uasset" 10
"../../../../Users/facg_/Documents/Unreal Projects/CreateCharacter/Content/PolygonCity/Textures/T_PolygonCity_Texture_01_A.uasset" 11
"../../../../Users/facg_/Documents/Unreal Projects/CreateCharacter/Content/PolygonCity/Textures/T_PolygonCity_Texture_Metallic.uasset" 12
"../../../../Users/facg_/Documents/Unreal Projects/CreateCharacter/Content/PolygonCity/Textures/T_PolygonCity_Texture_Roughness.uasset" 13
"../../../../Users/facg_/Documents/Unreal Projects/CreateCharacter/Content/PolygonCity/Materials/Mat_PolygonCity_Texture_01_A_Emissive.uasset" 14
"../../../../Users/facg_/Documents/Unreal Projects/CreateCharacter/Content/PolygonCity/Textures/T_PolygonCity_Texture_01_B.uasset" 15
"../../../../Users/facg_/Documents/Unreal Projects/CreateCharacter/Content/PolygonCity/Materials/Mat_PolygonCity_Texture_01_B.uasset" 16
"../../../../Users/facg_/Documents/Unreal Projects/CreateCharacter/Content/PolygonCity/Textures/T_PolygonCity_Texture_01_C.uasset" 17
"../../../../Users/facg_/Documents/Unreal Projects/CreateCharacter/Content/PolygonCity/Materials/Mat_PolygonCity_Texture_01_C.uasset" 18
"../../../../Users/facg_/Documents/Unreal Projects/CreateCharacter/Content/PolygonCity/Textures/T_PolygonCity_Texture_02_A.uasset" 19
"../../../../Users/facg_/Documents/Unreal Projects/CreateCharacter/Content/PolygonCity/Materials/Mat_PolygonCity_Texture_02_A.uasset" 20
"../../../../Users/facg_/Documents/Unreal Projects/CreateCharacter/Content/PolygonCity/Materials/Mat_PolygonCity_Texture_02_A_Emissive.uasset" 21
"../../../../Users/facg_/Documents/Unreal Projects/CreateCharacter/Content/PolygonCity/Textures/T_PolygonCity_Texture_02_B.uasset" 22
"../../../../Users/facg_/Documents/Unreal Projects/CreateCharacter/Content/PolygonCity/Materials/Mat_PolygonCity_Texture_02_B.uasset" 23
"../../../../Users/facg_/Documents/Unreal Projects/CreateCharacter/Content/PolygonCity/Textures/T_PolygonCity_Texture_02_C.uasset" 24
"../../../../Users/facg_/Documents/Unreal Projects/CreateCharacter/Content/PolygonCity/Materials/Mat_PolygonCity_Texture_02_C.uasset" 25
"../../../../Users/facg_/Documents/Unreal Projects/CreateCharacter/Content/PolygonCity/Textures/T_PolygonCity_Texture_03_A.uasset" 26
"../../../../Users/facg_/Documents/Unreal Projects/CreateCharacter/Content/PolygonCity/Materials/Mat_PolygonCity_Texture_03_A.uasset" 27
"../../../../Users/facg_/Documents/Unreal Projects/CreateCharacter/Content/PolygonCity/Materials/Mat_PolygonCity_Texture_03_A_Emissive.uasset" 28
"../../../../Users/facg_/Documents/Unreal Projects/CreateCharacter/Content/PolygonCity/Textures/T_PolygonCity_Texture_03_B.uasset" 29
"../../../../Users/facg_/Documents/Unreal Projects/CreateCharacter/Content/PolygonCity/Materials/Mat_PolygonCity_Texture_03_B.uasset" 30
"../../../../Users/facg_/Documents/Unreal Projects/CreateCharacter/Content/PolygonCity/Textures/T_PolygonCity_Texture_03_C.uasset" 31
"../../../../Users/facg_/Documents/Unreal Projects/CreateCharacter/Content/PolygonCity/Materials/Mat_PolygonCity_Texture_03_C.uasset" 32
"../../../../Users/facg_/Documents/Unreal Projects/CreateCharacter/Content/PolygonCity/Textures/T_PolygonCity_Texture_04_A.uasset" 33
"../../../../Users/facg_/Documents/Unreal Projects/CreateCharacter/Content/PolygonCity/Materials/Mat_PolygonCity_Texture_04_A.uasset" 34
"../../../../Users/facg_/Documents/Unreal Projects/CreateCharacter/Content/PolygonCity/Materials/Mat_PolygonCity_Texture_04_A_Emissive.uasset" 35
"../../../../Users/facg_/Documents/Unreal Projects/CreateCharacter/Content/PolygonCity/Textures/T_PolygonCity_Texture_04_B.uasset" 36
"../../../../Users/facg_/Documents/Unreal Projects/CreateCharacter/Content/PolygonCity/Materials/Mat_PolygonCity_Texture_04_B.uasset" 37
"../../../../Users/facg_/Documents/Unreal Projects/CreateCharacter/Content/PolygonCity/Textures/T_PolygonCity_Texture_04_C.uasset" 38
"../../../../Users/facg_/Documents/Unreal Projects/CreateCharacter/Content/PolygonCity/Materials/Mat_PolygonCity_Texture_04_C.uasset" 39
"../../../../Users/facg_/Documents/Unreal Projects/CreateCharacter/Content/PolygonCity/Textures/T_PolygonCity_Road_01.uasset" 40
"../../../../Users/facg_/Documents/Unreal Projects/CreateCharacter/Content/PolygonCity/Textures/T_PolygonCity_Road_Normal.uasset" 41
"../../../../Users/facg_/Documents/Unreal Projects/CreateCharacter/Content/PolygonCity/Materials/Mat_PolygonCity_Texture_Road_01.uasset" 42
"../../../../Users/facg_/Documents/Unreal Projects/CreateCharacter/Content/PolygonCity/Textures/T_PolygonCity_Road_02.uasset" 43
"../../../../Users/facg_/Documents/Unreal Projects/CreateCharacter/Content/PolygonCity/Materials/Mat_PolygonCity_Texture_Road_02.uasset" 44
"../../../../Users/facg_/Documents/Unreal Projects/CreateCharacter/Content/PolygonCity/Textures/T_PolygonCity_Road_03.uasset" 45
"../../../../Users/facg_/Documents/Unreal Projects/CreateCharacter/Content/PolygonCity/Materials/Mat_PolygonCity_Texture_Road_03.uasset" 46
"../../../../Users/facg_/Documents/Unreal Projects/CreateCharacter/Content/PolygonCity/Materials/Mat_PolygonCity_Texture_Road_04.uasset" 47
"../../../Engine/Content/Functions/Engine_MaterialFunctions01/WorldPositionOffset/SimpleGrassWind.uasset" 48
"../../../../Users/facg_/Documents/Unreal Projects/CreateCharacter/Content/PolygonCity/Materials/Mat_PolygonCity_Water.uasset" 49
"../../../../Users/facg_/Documents/Unreal Projects/CreateCharacter/Content/PolygonCity/Materials/Mat_PolygonCity_Texture_01_A.uasset" 50
"../../../../Users/facg_/Documents/Unreal Projects/CreateCharacter/Content/PolygonCity/Meshes/Characters/SK_Character_BusinessMan_Shirt_PhysicsAsset.uasset" 51
"../../../Engine/Content/EngineMeshes/Humanoid.uasset" 52
"../../../../Users/facg_/Documents/Unreal Projects/CreateCharacter/Content/PolygonCity/Meshes/Characters/SK_Character_City_Rig.uasset" 53
"../../../../Users/facg_/Documents/Unreal Projects/CreateCharacter/Content/PolygonCity/Meshes/Characters/SK_Character_BusinessMan_Shirt.uasset" 54
"../../../../Users/facg_/Documents/Unreal Projects/CreateCharacter/Content/PolygonCity/Meshes/Characters/SK_Character_BusinessMan_Suit_PhysicsAsset.uasset" 55
"../../../../Users/facg_/Documents/Unreal Projects/CreateCharacter/Content/PolygonCity/Meshes/Characters/SK_Character_BusinessMan_Suit.uasset" 56
"../../../../Users/facg_/Documents/Unreal Projects/CreateCharacter/Content/PolygonCity/Meshes/Characters/SK_Character_BusinessWoman_PhysicsAsset.uasset" 57
"../../../../Users/facg_/Documents/Unreal Projects/CreateCharacter/Content/PolygonCity/Meshes/Characters/SK_Character_BusinessWoman.uasset" 58
"../../../../Users/facg_/Documents/Unreal Projects/CreateCharacter/Content/PolygonCity/Meshes/Characters/SK_Character_Female_Coat_PhysicsAsset.uasset" 59
"../../../../Users/facg_/Documents/Unreal Projects/CreateCharacter/Content/PolygonCity/Meshes/Characters/SK_Character_Female_Coat.uasset" 60
"../../../../Users/facg_/Documents/Unreal Projects/CreateCharacter/Content/PolygonCity/Meshes/Characters/SK_Character_Female_Jacket_PhysicsAsset.uasset" 61
"../../../../Users/facg_/Documents/Unreal Projects/CreateCharacter/Content/PolygonCity/Meshes/Characters/SK_Character_Female_Jacket.uasset" 62
"../../../../Users/facg_/Documents/Unreal Projects/CreateCharacter/Content/PolygonCity/Meshes/Characters/SK_Character_Female_Police_PhysicsAsset.uasset" 63
"../../../../Users/facg_/Documents/Unreal Projects/CreateCharacter/Content/PolygonCity/Meshes/Characters/SK_Character_Female_Police.uasset" 64
"../../../../Users/facg_/Documents/Unreal Projects/CreateCharacter/Content/PolygonCity/Meshes/Characters/SK_Character_Male_Hoodie_PhysicsAsset.uasset" 65
"../../../../Users/facg_/Documents/Unreal Projects/CreateCharacter/Content/PolygonCity/Meshes/Characters/SK_Character_Male_Hoodie.uasset" 66
"../../../../Users/facg_/Documents/Unreal Projects/CreateCharacter/Content/PolygonCity/Meshes/Characters/SK_Character_Male_Police_PhysicsAsset.uasset" 67
"../../../../Users/facg_/Documents/Unreal Projects/CreateCharacter/Content/PolygonCity/Meshes/Characters/SK_Character_Male_Police.uasset" 68
"../../../../Users/facg_/Documents/Unreal Projects/CreateCharacter/Content/PolygonCity/Textures/T_PolygonCity_Emissive_02.uasset" 69
"../../../../Users/facg_/Documents/Unreal Projects/CreateCharacter/Content/PolygonCity/Textures/T_PolygonCity_Emissive_03.uasset" 70
"../../../../Users/facg_/Documents/Unreal Projects/CreateCharacter/Content/PolygonCity/Textures/T_PolygonCity_Emissive_04.uasset" 71
"../../../../Users/facg_/Documents/Unreal Projects/CreateCharacter/Content/PolygonCity/Textures/T_PolygonCity_Emissive_05.uasset" 72
"../../../../Users/facg_/Documents/Unreal Projects/CreateCharacter/Content/PolygonCity/Textures/T_PolygonCity_Road_04.uasset" 73
"../../../Engine/Content/Animation/DefaultAnimCurveCompressionSettings.uasset" 74
"../../../Engine/Content/Functions/Engine_MaterialFunctions01/Opacity/CameraDepthFade.uasset" 75
"../../../Engine/Content/EngineMaterials/T_Default_Material_Grid_M.uasset" 76
"../../../Engine/Content/EngineMaterials/T_Default_Material_Grid_N.uasset" 77
"../../../Engine/Content/EngineMaterials/WorldGridMaterial.uasset" 78
"../../../Engine/Content/ArtTools/RenderToTexture/Meshes/S_1_Unit_Plane.uasset" 79
"../../../Engine/Content/EngineMaterials/DefaultMaterial.uasset" 80
"../../../Engine/Content/BasicShapes/Cone.uasset" 81
"../../../Engine/Content/BasicShapes/Cube.uasset" 82
"../../../Engine/Content/BasicShapes/Cylinder.uasset" 83
"../../../Engine/Content/BasicShapes/Plane.uasset" 84
"../../../Engine/Content/BasicShapes/Sphere.uasset" 85
"../../../Engine/Content/EditorLandscapeResources/DataLayer.uasset" 86
"../../../Engine/Content/EditorMaterials/MAT_Groups_Toggle.uasset" 87
"../../../Engine/Content/EditorMaterials/MAT_Groups_Visibility.uasset" 88
"../../../Engine/Content/EditorMaterials/PreviewShadowIndicator.uasset" 89
"../../../Engine/Content/EditorMaterials/PreviewShadowIndicatorMaterial.uasset" 90
"../../../Engine/Content/EditorMaterials/MatineeGroups/MAT_ColorTrack.uasset" 91
"../../../Engine/Content/EditorMaterials/MatineeGroups/MAT_Groups_Anim.uasset" 92
"../../../Engine/Content/EditorMaterials/MatineeGroups/MAT_Groups_AudioMaster.uasset" 93
"../../../Engine/Content/EditorMaterials/MatineeGroups/MAT_Groups_Director.uasset" 94
"../../../Engine/Content/EditorMaterials/MatineeGroups/MAT_Groups_Event.uasset" 95
"../../../Engine/Content/EditorMaterials/MatineeGroups/MAT_Groups_Fade.uasset" 96
"../../../Engine/Content/EditorMaterials/MatineeGroups/MAT_Groups_Float.uasset" 97
"../../../Engine/Content/EditorMaterials/MatineeGroups/MAT_Groups_Move.uasset" 98
"../../../Engine/Content/EditorMaterials/MatineeGroups/MAT_Groups_Slomo.uasset" 99
"../../../Engine/Content/EditorMaterials/MatineeGroups/MAT_Groups_Sound.uasset" 100
"../../../Engine/Content/EditorMaterials/MatineeGroups/MAT_Groups_Vector.uasset" 101
"../../../Engine/Content/EditorMaterials/ParticleSystems/PSysThumbnail_NoImage.uasset" 102
"../../../Engine/Content/EditorMaterials/ParticleSystems/PSysThumbnail_OOD.uasset" 103
"../../../Engine/Content/EditorMaterials/Camera/CineMat.uasset" 104
"../../../Engine/Content/EditorMaterials/Camera/MI_CineMat_Rig.uasset" 105
"../../../Engine/Content/EditorMeshes/Camera/SM_CraneRig_Arm.uasset" 106
"../../../Engine/Content/EditorMeshes/Camera/SM_CraneRig_Base.uasset" 107
"../../../Engine/Content/EditorMeshes/Camera/SM_CraneRig_Body.uasset" 108
"../../../Engine/Content/EditorMeshes/Camera/SM_CraneRig_Mount.uasset" 109
"../../../Engine/Content/EditorMeshes/Camera/SM_RailRig_Mount.uasset" 110
"../../../Engine/Content/EditorMeshes/Camera/SM_RailRig_Track.uasset" 111
"../../../Engine/Content/EditorResources/BSPVertex.uasset" 112
"../../../Engine/Content/EditorResources/EmptyActor.uasset" 113
"../../../Engine/Content/EditorResources/S_Actor.uasset" 114
"../../../Engine/Content/EditorResources/S_Note.uasset" 115
"../../../Engine/Content/EditorResources/S_Solver.uasset" 116
"../../../Engine/Content/EditorResources/S_Trigger.uasset" 117
"../../../Engine/Content/EditorResources/LightIcons/S_LightError.uasset" 118
"../../../Engine/Content/EditorResources/SequenceRecorder/Countdown.uasset" 119
"../../../Engine/Content/EditorResources/SequenceRecorder/RecordingIndicator.uasset" 120
"../../../Engine/Content/EditorSounds/Notifications/CompileFailed.uasset" 121
"../../../Engine/Content/EditorSounds/Notifications/CompileFailed_Cue.uasset" 122
"../../../Engine/Content/EditorSounds/Notifications/CompileSuccess.uasset" 123
"../../../Engine/Content/EditorSounds/Notifications/CompileStart_Cue.uasset" 124
"../../../Engine/Content/EditorSounds/Notifications/CompileSuccess_Cue.uasset" 125
"../../../Engine/Content/EngineDamageTypes/DmgTypeBP_Environmental.uasset" 126
"../../../Engine/Content/EngineDebugMaterials/DebugEditorMaterial.uasset" 127
"../../../Engine/Content/EngineDebugMaterials/DebugMeshMaterial.uasset" 128
"../../../Engine/Content/EngineDebugMaterials/M_SimpleUnlitTranslucent.uasset" 129
"../../../Engine/Content/Functions/Engine_MaterialFunctions02/Utility/CameraDirectionVector.uasset" 130
"../../../Engine/Content/EngineDebugMaterials/VolumeToRender.uasset" 131
"../../../Engine/Content/EngineDebugMaterials/M_VolumeRenderSphereTracePP.uasset" 132
"../../../Engine/Content/EngineDebugMaterials/WireframeMaterial.uasset" 133
"../../../Engine/Content/EngineFonts/Faces/DroidSansFallback.uasset" 134
"../../../Engine/Content/EngineFonts/Faces/RobotoBold.uasset" 135
"../../../Engine/Content/EngineFonts/Faces/RobotoBoldItalic.uasset" 136
"../../../Engine/Content/EngineFonts/Faces/RobotoItalic.uasset" 137
"../../../Engine/Content/EngineFonts/Faces/RobotoLight.uasset" 138
"../../../Engine/Content/EngineFonts/Faces/RobotoRegular.uasset" 139
"../../../Engine/Content/EngineFonts/Roboto.uasset" 140
"../../../Engine/Content/EngineMaterials/BaseFlattenDiffuseMap.uasset" 141
"../../../Engine/Content/EngineMaterials/BaseFlattenEmissiveMap.uasset" 142
"../../../Engine/Content/EngineMaterials/BaseFlattenGrayscaleMap.uasset" 143
"../../../Engine/Content/EngineMaterials/BaseFlattenNormalMap.uasset" 144
"../../../Engine/Content/EngineMaterials/BaseFlattenMaterial.uasset" 145
"../../../Engine/Content/EngineMaterials/BlueNoise.uasset" 146
"../../../Engine/Content/EngineMaterials/DefaultBloomKernel.uasset" 147
"../../../Engine/Content/EngineMaterials/DefaultBokeh.uasset" 148
"../../../Engine/Content/EngineMaterials/DefaultDiffuse.uasset" 149
"../../../Engine/Content/EngineMaterials/DefaultDeferredDecalMaterial.uasset" 150
"../../../Engine/Content/EngineMaterials/DefaultLightFunctionMaterial.uasset" 151
"../../../Engine/Content/EngineMaterials/DefaultPhysicalMaterial.uasset" 152
"../../../Engine/Content/Functions/Engine_MaterialFunctions02/Utility/BreakOutFloat2Components.uasset" 153
"../../../Engine/Content/EngineMaterials/DefaultPostProcessMaterial.uasset" 154
"../../../Engine/Content/EngineFonts/RobotoDistanceField.uasset" 155
"../../../Engine/Content/EngineMaterials/DefaultTextMaterialOpaque.uasset" 156
"../../../Engine/Content/EngineMaterials/DefaultWhiteGrid.uasset" 157
"../../../Engine/Content/EngineMaterials/DefaultWhiteGrid_Low.uasset" 158
"../../../Engine/Content/EngineMaterials/EmissiveMeshMaterial.uasset" 159
"../../../Engine/Content/EngineMaterials/GizmoMaterial.uasset" 160
"../../../Engine/Content/EngineMaterials/Good64x64TilingNoiseHighFreq.uasset" 161
"../../../Engine/Content/EngineMaterials/MiniFont.uasset" 162
"../../../Engine/Content/EngineMaterials/InvalidLightmapSettings.uasset" 163
"../../../Engine/Content/EngineMaterials/M_InvalidLightmapSettings.uasset" 164
"../../../Engine/Content/Functions/Engine_MaterialFunctions02/WorldPositionOffset/CameraOffset.uasset" 165
"../../../Engine/Content/EngineMaterials/PhAT_JointLimitMaterial.uasset" 166
"../../../Engine/Content/EngineMaterials/PreintegratedSkinBRDF.uasset" 167
"../../../Engine/Content/EngineMaterials/RemoveSurfaceMaterial.uasset" 168
"../../../Engine/Content/EngineMaterials/WeightMapPlaceholderTexture.uasset" 169
"../../../Engine/Content/EngineResources/WhiteSquareTexture.uasset" 170
"../../../Engine/Content/EngineMaterials/Widget3DPassThrough.uasset" 171
"../../../Engine/Content/EngineMaterials/Widget3DPassThrough_Masked.uasset" 172
"../../../Engine/Content/EngineMaterials/Widget3DPassThrough_Opaque.uasset" 173
"../../../Engine/Content/EngineMaterials/Widget3DPassThrough_Masked_OneSided.uasset" 174
"../../../Engine/Content/EngineMaterials/Widget3DPassThrough_Opaque_OneSided.uasset" 175
"../../../Engine/Content/EngineMaterials/Widget3DPassThrough_Translucent.uasset" 176
"../../../Engine/Content/EngineMaterials/Widget3DPassThrough_Translucent_OneSided.uasset" 177
"../../../Engine/Content/EngineMeshes/Cylinder.uasset" 178
"../../../Engine/Content/EngineMeshes/Sphere.uasset" 179
"../../../Engine/Content/EngineResources/Black.uasset" 180
"../../../Engine/Content/EngineResources/DefaultTexture.uasset" 181
"../../../Engine/Content/EngineResources/DefaultTextureCube.uasset" 182
"../../../Engine/Content/EngineResources/DefaultVolumeTexture2D.uasset" 183
"../../../Engine/Content/EngineResources/DefaultVolumeTexture.uasset" 184
"../../../Engine/Content/EngineResources/GradientTexture0.uasset" 185
"../../../Engine/Content/EngineSounds/Master.uasset" 186
"../../../Engine/Content/Functions/Engine_MaterialFunctions01/Shading/ConvertFromDiffSpec.uasset" 187
"../../../Engine/Content/Functions/Engine_MaterialFunctions01/Shading/PowerToRoughness.uasset" 188
"../../../Engine/Content/Maps/Templates/Thumbnails/Default.uasset" 189
"../../../Engine/Content/Maps/Templates/Thumbnails/TimeOfDay.uasset" 190
"../../../Engine/Content/Maps/Templates/Thumbnails/VR-Basic.uasset" 191
"../../../Engine/Content/MobileResources/T_MobileControls_texture.uasset" 192
"../../../Engine/Content/MobileResources/T_MobileMenu2.uasset" 193
"../../../Engine/Content/MobileResources/HUD/AnalogHat.uasset" 194
"../../../Engine/Content/MobileResources/HUD/VirtualJoystick_Background.uasset" 195
"../../../Engine/Content/MobileResources/HUD/VirtualJoystick_Thumb.uasset" 196
"../../../Engine/Content/MobileResources/HUD/DefaultVirtualJoysticks.uasset" 197
"../../../Engine/Content/MobileResources/HUD/LeftVirtualJoystickOnly.uasset" 198
"../../../Engine/Content/MobileResources/HUD/MobileHUDButton1_off.uasset" 199
"../../../Engine/Content/MobileResources/HUD/MobileHUDButton1_on.uasset" 200
"../../../Engine/Content/MobileResources/HUD/MobileHUDButton2_off.uasset" 201
"../../../Engine/Content/MobileResources/HUD/MobileHUDButton2_on.uasset" 202
"../../../Engine/Content/MobileResources/HUD/MobileHUDButton3.uasset" 203
"../../../Engine/Content/MobileResources/HUD/MobileHUDButtonFire.uasset" 204
"../../../Engine/Content/MobileResources/HUD/MobileHUDDirectionPad.uasset" 205
"../../../Engine/Content/MobileResources/HUD/MobileHUDDirectionPad2.uasset" 206
"../../../Engine/Content/MobileResources/HUD/MobileHUDDirectionPad3.uasset" 207
"../../../Engine/Content/MobileResources/HUD/MobileHUDDirectionStick.uasset" 208
"../../../Engine/Content/MobileResources/HUD/T_Castle_ThumbstickInner.uasset" 209
"../../../Engine/Content/MobileResources/HUD/T_Castle_ThumbstickOutter.uasset" 210
"../../../Engine/Content/Tutorial/ContentIntroCurve.uasset" 211
"../../../Engine/Content/Tutorial/Basics/LevelEditorAttract.uasset" 212
"../../../Engine/Content/VREditor/LaserPointer/VR_LaserPower_01.uasset" 213
"../../../Engine/Content/VREditor/TransformGizmo/TransformGizmoMaterial.uasset" 214
"../../../Engine/Content/VREditor/TransformGizmo/TranslucentTransformGizmoMaterial.uasset" 215
"../../../Engine/Content/VREditor/TransformGizmo/BoundingBoxCorner.uasset" 216
"../../../Engine/Content/VREditor/TransformGizmo/BoundingBoxEdge.uasset" 217
"../../../Engine/Content/VREditor/TransformGizmo/PlaneTranslationHandle.uasset" 218
"../../../Engine/Content/VREditor/TransformGizmo/Main.uasset" 219
"../../../Engine/Content/VREditor/TransformGizmo/Xray.uasset" 220
"../../../Engine/Content/VREditor/TransformGizmo/SM_Sequencer_Key.uasset" 221
"../../../Engine/Content/VREditor/TransformGizmo/SM_Sequencer_Node.uasset" 222
"../../Plugins/2D/Paper2D/Content/PlaceholderTextures/DummySpriteTexture.uasset" 223
"../../Plugins/2D/Paper2D/Content/DummySprite.uasset" 224
"../../Plugins/2D/Paper2D/Content/DefaultPaperTerrainMaterial.uasset" 225
"../../Plugins/2D/Paper2D/Content/DefaultSpriteMaterial.uasset" 226
"../../Plugins/2D/Paper2D/Content/MaskedUnlitSpriteMaterial.uasset" 227
"../../Plugins/2D/Paper2D/Content/OpaqueUnlitSpriteMaterial.uasset" 228
"../../Plugins/FX/Niagara/Content/Enums/ENiagaraBooleanLogicOps.uasset" 229
"../../Plugins/FX/Niagara/Content/Enums/ENiagaraCoordinateSpace.uasset" 230
"../../Plugins/FX/Niagara/Content/Enums/ENiagaraExpansionMode.uasset" 231
"../../Plugins/FX/Niagara/Content/Enums/ENiagaraOrientationAxis.uasset" 232
"../../Plugins/FX/Niagara/Content/Enums/ENiagaraRandomnessMode.uasset" 233
"../../../Engine/Content/Functions/Engine_MaterialFunctions02/Utility/BreakOutFloat4Components.uasset" 234
"../../../Engine/Content/Functions/Engine_MaterialFunctions02/Utility/MakeFloat2.uasset" 235
"../../../Engine/Content/Functions/Engine_MaterialFunctions02/Utility/MakeFloat3.uasset" 236
"../../Plugins/Runtime/Oculus/OculusVR/Content/Materials/OculusMR_ChromaKey.uasset" 237
"../../Plugins/Runtime/Oculus/OculusVR/Content/Materials/OculusMR_ChromaKey_Lit.uasset" 238
"../../Plugins/Runtime/Oculus/OculusVR/Content/Materials/OculusMR_OpaqueColoredMaterial.uasset" 239
"../../Plugins/Runtime/Oculus/OculusVR/Content/Materials/OculusMR_WhiteMaterial.uasset" 240
"../../../Engine/Content/EditorBlueprintResources/StandardMacros.uasset" 241
"../../../Engine/Content/EngineSky/C_Sky_Cloud_Color.uasset" 242
"../../../Engine/Content/EngineSky/C_Sky_Horizon_Color.uasset" 243
"../../../Engine/Content/EngineSky/C_Sky_Zenith_Color.uasset" 244
"../../../Engine/Content/EngineSky/T_Sky_Blue.uasset" 245
"../../../Engine/Content/EngineSky/T_Sky_Clouds_M.uasset" 246
"../../../Engine/Content/EngineSky/T_Sky_Stars.uasset" 247
"../../../Engine/Content/EngineSky/M_Sky_Panning_Clouds2.uasset" 248
"../../../Engine/Content/EngineSky/SM_SkySphere.uasset" 249
"../../../Engine/Content/EngineSky/BP_Sky_Sphere.uasset" 250
"../../../../Users/facg_/Documents/Unreal Projects/CreateCharacter/Content/PolygonCity/Meshes/Characters/SK_Character_Male_Jacket_PhysicsAsset.uasset" 251
"../../../../Users/facg_/Documents/Unreal Projects/CreateCharacter/Content/PolygonCity/Meshes/Characters/SK_Character_Male_Jacket.uasset" 252
"../../../../Users/facg_/Documents/Unreal Projects/CreateCharacter/Content/Blueprints/Characters/BP_FirtsCharacter.uasset" 253
"../../../../Users/facg_/Documents/Unreal Projects/CreateCharacter/Content/Level/levelFloor_BuiltData.uasset" 254
"../../../Engine/Content/MapTemplates/SM_Template_Map_Floor.uasset" 255
"../../../../Users/facg_/Documents/Unreal Projects/CreateCharacter/Content/Level/levelFloor.umap" 256
"../../../Engine/Content/Maps/Entry_BuiltData.uasset" 257
"../../../Engine/Content/Maps/Entry.umap" 258
